<?xml version="1.0" encoding="UTF-8"?>
<!-- Generated by org.testng.reporters.JUnitXMLReporter -->
<testsuite hostname="Andrews-MBP.local.tld" ignored="2" name="All Functionalities" tests="24" failures="0" timestamp="2023-01-28T11:47:20 CST" time="157.842" errors="0">
  <testcase name="dynamicElementsTest" time="0.969" classname="scripts.TechGlobalDynamicElementsTest"/>
  <testcase name="validateFrontendTestingURL" time="0.709" classname="scripts.TechGlobalFrontendTestingHomeTest"/>
  <testcase name="validateTechGlobalHeaderDropdownOptions" time="0.326" classname="scripts.TechGlobalHeaderTest"/>
  <testcase name="validateJavaExercisesCards" time="1.766" classname="scripts.TechGlobalJavaExercisesHomeTest"/>
  <testcase name="javaRadioButtonValidation" time="1.042" classname="scripts.TechGlobalRadioButtonsTest"/>
  <testcase name="languageRadioButtons1" time="1.084" classname="scripts.TechGlobalRadioButtonsTest"/>
  <testcase name="languageRadioButtons2" time="1.181" classname="scripts.TechGlobalRadioButtonsTest"/>
  <testcase name="validateCheckboxes1" time="1.18" classname="scripts.TechGlobalCheckBoxTest"/>
  <testcase name="validateCheckboxes2" time="1.01" classname="scripts.TechGlobalCheckBoxTest"/>
  <testcase name="validateCorrectTextDisplayFooter" time="0.105" classname="scripts.TechGlobalFooterTest"/>
  <testcase name="validateSocialLinksFooter" time="0.166" classname="scripts.TechGlobalFooterTest"/>
  <testcase name="validateBlueBox" time="36.141" classname="scripts.TechGlobalWaitsTest"/>
  <testcase name="validateRedBox" time="10.797" classname="scripts.TechGlobalWaitsTest"/>
  <testcase name="selectDeliveryOption" time="0.187" classname="scripts.TechGlobalDropdownsTest"/>
  <testcase name="selectProductOption" time="0.107" classname="scripts.TechGlobalDropdownsTest"/>
  <testcase name="selectColorOption" time="0.099" classname="scripts.TechGlobalDropdownsTest"/>
  <testcase name="selectMacBookOption" time="0.373" classname="scripts.TechGlobalDropdownsTest"/>
  <testcase name="validateTheAppleLink" time="1.929" classname="scripts.TechGlobalMultipleWindowsTest"/>
  <testcase name="validateLinkURLs" time="5.98" classname="scripts.TechGlobalMultipleWindowsTest"/>
  <testcase name="warningAlertValidation" time="0.144" classname="scripts.TechGlobalAlertsTest"/>
  <testcase name="confirmationAlertValidation" time="0.221" classname="scripts.TechGlobalAlertsTest"/>
  <testcase name="promptAlertValidation" time="0.359" classname="scripts.TechGlobalAlertsTest"/>
  <testcase name="validateInputText" time="0.222" classname="scripts.TechGlobalIFramesTest"/>
  <testcase name="validateResultDisplay" time="0.479" classname="scripts.TechGlobalIFramesTest"/>
  <testcase name="validateFrontendTestingCards" time="0.0" classname="scripts.TechGlobalFrontendTestingHomeTest">
    <ignored/>
  </testcase> <!-- validateFrontendTestingCards -->
  <testcase name="validateTechGlobalHeaderDropdown" time="0.0" classname="scripts.TechGlobalHeaderTest">
    <ignored/>
  </testcase> <!-- validateTechGlobalHeaderDropdown -->
</testsuite> <!-- All Functionalities -->
