<?xml version="1.0" encoding="UTF-8"?>
<!-- Generated by org.testng.reporters.JUnitXMLReporter -->
<testsuite hostname="Andrews-MBP.local.tld" ignored="2" name="All Functionalities" tests="21" failures="0" timestamp="2023-01-23T19:41:02 CST" time="167.781" errors="0">
  <testcase name="ValidateCheckboxes1" time="1.214" classname="scripts.TechGlobalCheckBoxTest"/>
  <testcase name="ValidateCheckboxes2" time="1.112" classname="scripts.TechGlobalCheckBoxTest"/>
  <testcase name="dynamicElementsTest" time="0.899" classname="scripts.TechGlobalDynamicElementsTest"/>
  <testcase name="validateCorrectTextDisplayFooter" time="0.15" classname="scripts.TechGlobalFooterTest"/>
  <testcase name="validateSocialLinksFooter" time="0.291" classname="scripts.TechGlobalFooterTest"/>
  <testcase name="validateFrontendTestingURL" time="0.68" classname="scripts.TechGlobalFrontendTestingHomeTest"/>
  <testcase name="validateTechGlobalHeaderDropdownOptions" time="0.65" classname="scripts.TechGlobalHeaderTest"/>
  <testcase name="validateJavaExercisesCards" time="1.65" classname="scripts.TechGlobalJavaExercisesHomeTest"/>
  <testcase name="javaRadioButtonValidation" time="0.984" classname="scripts.TechGlobalRadioButtonsTest"/>
  <testcase name="languageRadioButtons1" time="1.842" classname="scripts.TechGlobalRadioButtonsTest"/>
  <testcase name="languageRadioButtons2" time="1.263" classname="scripts.TechGlobalRadioButtonsTest"/>
  <testcase name="validateBlueBox" time="35.942" classname="scripts.TechGlobalWaitsTest"/>
  <testcase name="validateRedBox" time="10.868" classname="scripts.TechGlobalWaitsTest"/>
  <testcase name="selectDeliveryOption" time="0.253" classname="scripts.TechGlobalDropdownsTest"/>
  <testcase name="selectProductOption" time="0.116" classname="scripts.TechGlobalDropdownsTest"/>
  <testcase name="selectColorOption" time="0.104" classname="scripts.TechGlobalDropdownsTest"/>
  <testcase name="selectMacBookOption" time="0.729" classname="scripts.TechGlobalDropdownsTest"/>
  <testcase name="validateTheAppleLink" time="2.043" classname="scripts.TechGlobalMultipleWindowsTest"/>
  <testcase name="validateLinkURLs" time="7.27" classname="scripts.TechGlobalMultipleWindowsTest"/>
  <testcase name="warningAlert" time="0.231" classname="scripts.TechGlobalAlertsTest"/>
  <testcase name="confirmationAlert" time="0.353" classname="scripts.TechGlobalAlertsTest"/>
  <testcase name="validateFrontendTestingCards" time="0.0" classname="scripts.TechGlobalFrontendTestingHomeTest">
    <ignored/>
  </testcase> <!-- validateFrontendTestingCards -->
  <testcase name="validateTechGlobalHeaderDropdown" time="0.0" classname="scripts.TechGlobalHeaderTest">
    <ignored/>
  </testcase> <!-- validateTechGlobalHeaderDropdown -->
</testsuite> <!-- All Functionalities -->
