<?xml version="1.0" encoding="UTF-8"?>
<!-- Generated by org.testng.reporters.JUnitXMLReporter -->
<testsuite hostname="Andrews-MBP.local.tld" ignored="1" name="Command line test" tests="1" failures="0" timestamp="2023-01-15T11:34:49 CST" time="5.015" errors="0">
  <testcase name="validateTechGlobalHeaderDropdownOptions" time="0.424" classname="scripts.TechGlobalHeaderTest"/>
  <testcase name="validateTechGlobalHeaderDropdown" time="0.0" classname="scripts.TechGlobalHeaderTest">
    <ignored/>
  </testcase> <!-- validateTechGlobalHeaderDropdown -->
</testsuite> <!-- Command line test -->
