<?xml version="1.0" encoding="UTF-8"?>
<!-- Generated by org.testng.reporters.JUnitXMLReporter -->
<testsuite hostname="Andrews-MBP.local.tld" ignored="0" name="Command line test" tests="3" failures="0" timestamp="2023-01-15T11:26:28 CST" time="12.446" errors="0">
  <testcase name="validateTechGlobalLogo" time="0.137" classname="scripts.TechGlobalLogoTest"/>
  <testcase name="validateTechGlobalHeaderDropdownOptions" time="0.334" classname="scripts.TechGlobalHeaderTest"/>
  <testcase name="validateTechGlobalHeaderDropdown" time="0.133" classname="scripts.TechGlobalHeaderTest"/>
</testsuite> <!-- Command line test -->
