<?xml version="1.0" encoding="UTF-8"?>
<!-- Generated by org.testng.reporters.JUnitXMLReporter -->
<testsuite hostname="Andrews-MBP.local.tld" ignored="2" name="Critical functionalities" tests="3" failures="0" timestamp="2023-01-21T15:08:06 CST" time="19.24" errors="0">
  <testcase name="validateFrontendTestingCards" time="1.807" classname="scripts.TechGlobalFrontendTestingHomeTest"/>
  <testcase name="validateTechGlobalHeaderDropdown" time="0.118" classname="scripts.TechGlobalHeaderTest"/>
  <testcase name="validateTechGlobalLogo" time="0.081" classname="scripts.TechGlobalLogoTest"/>
  <testcase name="validateFrontendTestingURL" time="0.0" classname="scripts.TechGlobalFrontendTestingHomeTest">
    <ignored/>
  </testcase> <!-- validateFrontendTestingURL -->
  <testcase name="validateTechGlobalHeaderDropdownOptions" time="0.0" classname="scripts.TechGlobalHeaderTest">
    <ignored/>
  </testcase> <!-- validateTechGlobalHeaderDropdownOptions -->
</testsuite> <!-- Critical functionalities -->
