<?xml version="1.0" encoding="UTF-8"?>
<testng-results skipped="0" failed="0" ignored="8" total="50" passed="42">
  <reporter-output>
  </reporter-output>
  <suite name="Command line suite" duration-ms="206399" started-at="2023-03-06T16:39:01 CST" finished-at="2023-03-06T16:42:28 CST">
    <groups>
    </groups>
    <test name="Command line test" duration-ms="206399" started-at="2023-03-06T16:39:01 CST" finished-at="2023-03-06T16:42:28 CST">
      <class name="scripts.TechGlobalActionsTest">
        <test-method status="PASS" signature="setup()[pri:0, instance:scripts.TechGlobalActionsTest@20398b7c]" name="setup" is-config="true" duration-ms="3310" started-at="2023-03-06T16:41:42 CST" finished-at="2023-03-06T16:41:45 CST">
          <reporter-output>
          </reporter-output>
        </test-method> <!-- setup -->
        <test-method status="PASS" signature="setPage()[pri:0, instance:scripts.TechGlobalActionsTest@20398b7c]" name="setPage" is-config="true" duration-ms="1036" started-at="2023-03-06T16:41:45 CST" finished-at="2023-03-06T16:41:46 CST">
          <reporter-output>
          </reporter-output>
        </test-method> <!-- setPage -->
        <test-method status="PASS" signature="clickActions()[pri:1, instance:scripts.TechGlobalActionsTest@20398b7c]" name="clickActions" duration-ms="652" started-at="2023-03-06T16:41:46 CST" description="Click first 3 boxes and validate the result" finished-at="2023-03-06T16:41:47 CST">
          <reporter-output>
          </reporter-output>
        </test-method> <!-- clickActions -->
        <test-method status="PASS" signature="teardown()[pri:0, instance:scripts.TechGlobalActionsTest@20398b7c]" name="teardown" is-config="true" duration-ms="173" started-at="2023-03-06T16:41:47 CST" finished-at="2023-03-06T16:41:47 CST">
          <reporter-output>
          </reporter-output>
        </test-method> <!-- teardown -->
        <test-method status="PASS" signature="setup()[pri:0, instance:scripts.TechGlobalActionsTest@20398b7c]" name="setup" is-config="true" duration-ms="3333" started-at="2023-03-06T16:41:47 CST" finished-at="2023-03-06T16:41:50 CST">
          <reporter-output>
          </reporter-output>
        </test-method> <!-- setup -->
        <test-method status="PASS" signature="setPage()[pri:0, instance:scripts.TechGlobalActionsTest@20398b7c]" name="setPage" is-config="true" duration-ms="922" started-at="2023-03-06T16:41:50 CST" finished-at="2023-03-06T16:41:51 CST">
          <reporter-output>
          </reporter-output>
        </test-method> <!-- setPage -->
        <test-method status="PASS" signature="validateDragAndDropAction()[pri:2, instance:scripts.TechGlobalActionsTest@20398b7c]" name="validateDragAndDropAction" duration-ms="1519" started-at="2023-03-06T16:41:51 CST" description="Drag and drop actions" finished-at="2023-03-06T16:41:53 CST">
          <reporter-output>
          </reporter-output>
        </test-method> <!-- validateDragAndDropAction -->
        <test-method status="PASS" signature="teardown()[pri:0, instance:scripts.TechGlobalActionsTest@20398b7c]" name="teardown" is-config="true" duration-ms="187" started-at="2023-03-06T16:41:53 CST" finished-at="2023-03-06T16:41:53 CST">
          <reporter-output>
          </reporter-output>
        </test-method> <!-- teardown -->
        <test-method status="PASS" signature="setup()[pri:0, instance:scripts.TechGlobalActionsTest@20398b7c]" name="setup" is-config="true" duration-ms="3200" started-at="2023-03-06T16:41:53 CST" finished-at="2023-03-06T16:41:56 CST">
          <reporter-output>
          </reporter-output>
        </test-method> <!-- setup -->
        <test-method status="PASS" signature="setPage()[pri:0, instance:scripts.TechGlobalActionsTest@20398b7c]" name="setPage" is-config="true" duration-ms="911" started-at="2023-03-06T16:41:56 CST" finished-at="2023-03-06T16:41:57 CST">
          <reporter-output>
          </reporter-output>
        </test-method> <!-- setPage -->
        <test-method status="PASS" signature="keyboardActions()[pri:3, instance:scripts.TechGlobalActionsTest@20398b7c]" name="keyboardActions" duration-ms="400" started-at="2023-03-06T16:41:57 CST" description="Keyboard actions" finished-at="2023-03-06T16:41:57 CST">
          <reporter-output>
          </reporter-output>
        </test-method> <!-- keyboardActions -->
        <test-method status="PASS" signature="teardown()[pri:0, instance:scripts.TechGlobalActionsTest@20398b7c]" name="teardown" is-config="true" duration-ms="140" started-at="2023-03-06T16:41:57 CST" finished-at="2023-03-06T16:41:57 CST">
          <reporter-output>
          </reporter-output>
        </test-method> <!-- teardown -->
        <test-method status="PASS" signature="setup()[pri:0, instance:scripts.TechGlobalActionsTest@20398b7c]" name="setup" is-config="true" duration-ms="3211" started-at="2023-03-06T16:41:57 CST" finished-at="2023-03-06T16:42:01 CST">
          <reporter-output>
          </reporter-output>
        </test-method> <!-- setup -->
        <test-method status="PASS" signature="setPage()[pri:0, instance:scripts.TechGlobalActionsTest@20398b7c]" name="setPage" is-config="true" duration-ms="987" started-at="2023-03-06T16:42:01 CST" finished-at="2023-03-06T16:42:02 CST">
          <reporter-output>
          </reporter-output>
        </test-method> <!-- setPage -->
        <test-method status="PASS" signature="validateKeyboardInput()[pri:4, instance:scripts.TechGlobalActionsTest@20398b7c]" name="validateKeyboardInput" duration-ms="443" started-at="2023-03-06T16:42:02 CST" description="Copy and paste actions" finished-at="2023-03-06T16:42:02 CST">
          <reporter-output>
          </reporter-output>
        </test-method> <!-- validateKeyboardInput -->
        <test-method status="PASS" signature="teardown()[pri:0, instance:scripts.TechGlobalActionsTest@20398b7c]" name="teardown" is-config="true" duration-ms="126" started-at="2023-03-06T16:42:02 CST" finished-at="2023-03-06T16:42:02 CST">
          <reporter-output>
          </reporter-output>
        </test-method> <!-- teardown -->
      </class> <!-- scripts.TechGlobalActionsTest -->
      <class name="scripts.TechGlobalFileUploadTest">
        <test-method status="PASS" signature="setup()[pri:0, instance:scripts.TechGlobalFileUploadTest@3108bc]" name="setup" is-config="true" duration-ms="3236" started-at="2023-03-06T16:40:46 CST" finished-at="2023-03-06T16:40:49 CST">
          <reporter-output>
          </reporter-output>
        </test-method> <!-- setup -->
        <test-method status="PASS" signature="setPage()[pri:0, instance:scripts.TechGlobalFileUploadTest@3108bc]" name="setPage" is-config="true" duration-ms="858" started-at="2023-03-06T16:40:49 CST" finished-at="2023-03-06T16:40:50 CST">
          <reporter-output>
          </reporter-output>
        </test-method> <!-- setPage -->
        <test-method status="PASS" signature="validateFileUpload()[pri:1, instance:scripts.TechGlobalFileUploadTest@3108bc]" name="validateFileUpload" duration-ms="123" started-at="2023-03-06T16:40:50 CST" description="Validate file upload" finished-at="2023-03-06T16:40:50 CST">
          <reporter-output>
          </reporter-output>
        </test-method> <!-- validateFileUpload -->
        <test-method status="PASS" signature="teardown()[pri:0, instance:scripts.TechGlobalFileUploadTest@3108bc]" name="teardown" is-config="true" duration-ms="130" started-at="2023-03-06T16:40:50 CST" finished-at="2023-03-06T16:40:50 CST">
          <reporter-output>
          </reporter-output>
        </test-method> <!-- teardown -->
      </class> <!-- scripts.TechGlobalFileUploadTest -->
      <class name="scripts.TechGlobalFrontendTestingHomeTest">
        <test-method status="PASS" signature="setup()[pri:0, instance:scripts.TechGlobalFrontendTestingHomeTest@78c03f1f]" name="setup" is-config="true" duration-ms="3570" started-at="2023-03-06T16:39:10 CST" finished-at="2023-03-06T16:39:14 CST">
          <reporter-output>
          </reporter-output>
        </test-method> <!-- setup -->
        <test-method status="PASS" signature="setPage()[pri:0, instance:scripts.TechGlobalFrontendTestingHomeTest@78c03f1f]" name="setPage" is-config="true" duration-ms="1" started-at="2023-03-06T16:39:14 CST" finished-at="2023-03-06T16:39:14 CST">
          <reporter-output>
          </reporter-output>
        </test-method> <!-- setPage -->
        <test-method status="PASS" signature="validateFrontendTestingCards()[pri:1, instance:scripts.TechGlobalFrontendTestingHomeTest@78c03f1f]" name="validateFrontendTestingCards" duration-ms="1826" started-at="2023-03-06T16:39:14 CST" description="Validate Frontend Testing Cards" finished-at="2023-03-06T16:39:16 CST">
          <reporter-output>
          </reporter-output>
        </test-method> <!-- validateFrontendTestingCards -->
        <test-method status="PASS" signature="teardown()[pri:0, instance:scripts.TechGlobalFrontendTestingHomeTest@78c03f1f]" name="teardown" is-config="true" duration-ms="253" started-at="2023-03-06T16:39:16 CST" finished-at="2023-03-06T16:39:16 CST">
          <reporter-output>
          </reporter-output>
        </test-method> <!-- teardown -->
        <test-method status="PASS" signature="setup()[pri:0, instance:scripts.TechGlobalFrontendTestingHomeTest@78c03f1f]" name="setup" is-config="true" duration-ms="3382" started-at="2023-03-06T16:39:21 CST" finished-at="2023-03-06T16:39:24 CST">
          <reporter-output>
          </reporter-output>
        </test-method> <!-- setup -->
        <test-method status="PASS" signature="setPage()[pri:0, instance:scripts.TechGlobalFrontendTestingHomeTest@78c03f1f]" name="setPage" is-config="true" duration-ms="1" started-at="2023-03-06T16:39:24 CST" finished-at="2023-03-06T16:39:24 CST">
          <reporter-output>
          </reporter-output>
        </test-method> <!-- setPage -->
        <test-method status="PASS" signature="validateFrontendTestingURL()[pri:2, instance:scripts.TechGlobalFrontendTestingHomeTest@78c03f1f]" name="validateFrontendTestingURL" duration-ms="581" started-at="2023-03-06T16:39:24 CST" description="Validate URL" finished-at="2023-03-06T16:39:25 CST">
          <reporter-output>
          </reporter-output>
        </test-method> <!-- validateFrontendTestingURL -->
        <test-method status="PASS" signature="teardown()[pri:0, instance:scripts.TechGlobalFrontendTestingHomeTest@78c03f1f]" name="teardown" is-config="true" duration-ms="173" started-at="2023-03-06T16:39:25 CST" finished-at="2023-03-06T16:39:25 CST">
          <reporter-output>
          </reporter-output>
        </test-method> <!-- teardown -->
      </class> <!-- scripts.TechGlobalFrontendTestingHomeTest -->
      <class name="scripts.TechGlobalFooterTest">
        <test-method status="PASS" signature="setup()[pri:0, instance:scripts.TechGlobalFooterTest@13a5fe33]" name="setup" is-config="true" duration-ms="3409" started-at="2023-03-06T16:40:39 CST" finished-at="2023-03-06T16:40:42 CST">
          <reporter-output>
          </reporter-output>
        </test-method> <!-- setup -->
        <test-method status="PASS" signature="validateCorrectTextDisplayFooter()[pri:0, instance:scripts.TechGlobalFooterTest@13a5fe33]" name="validateCorrectTextDisplayFooter" duration-ms="114" started-at="2023-03-06T16:40:42 CST" finished-at="2023-03-06T16:40:42 CST">
          <reporter-output>
          </reporter-output>
        </test-method> <!-- validateCorrectTextDisplayFooter -->
        <test-method status="PASS" signature="teardown()[pri:0, instance:scripts.TechGlobalFooterTest@13a5fe33]" name="teardown" is-config="true" duration-ms="175" started-at="2023-03-06T16:40:42 CST" finished-at="2023-03-06T16:40:43 CST">
          <reporter-output>
          </reporter-output>
        </test-method> <!-- teardown -->
        <test-method status="PASS" signature="setup()[pri:0, instance:scripts.TechGlobalFooterTest@13a5fe33]" name="setup" is-config="true" duration-ms="3176" started-at="2023-03-06T16:40:43 CST" finished-at="2023-03-06T16:40:46 CST">
          <reporter-output>
          </reporter-output>
        </test-method> <!-- setup -->
        <test-method status="PASS" signature="validateSocialLinksFooter()[pri:0, instance:scripts.TechGlobalFooterTest@13a5fe33]" name="validateSocialLinksFooter" duration-ms="202" started-at="2023-03-06T16:40:46 CST" finished-at="2023-03-06T16:40:46 CST">
          <reporter-output>
          </reporter-output>
        </test-method> <!-- validateSocialLinksFooter -->
        <test-method status="PASS" signature="teardown()[pri:0, instance:scripts.TechGlobalFooterTest@13a5fe33]" name="teardown" is-config="true" duration-ms="136" started-at="2023-03-06T16:40:46 CST" finished-at="2023-03-06T16:40:46 CST">
          <reporter-output>
          </reporter-output>
        </test-method> <!-- teardown -->
      </class> <!-- scripts.TechGlobalFooterTest -->
      <class name="scripts.TechGlobalJavaExercisesHomeTest">
        <test-method status="PASS" signature="setup()[pri:0, instance:scripts.TechGlobalJavaExercisesHomeTest@4e9ba398]" name="setup" is-config="true" duration-ms="3421" started-at="2023-03-06T16:40:06 CST" finished-at="2023-03-06T16:40:10 CST">
          <reporter-output>
          </reporter-output>
        </test-method> <!-- setup -->
        <test-method status="PASS" signature="setPage()[pri:0, instance:scripts.TechGlobalJavaExercisesHomeTest@4e9ba398]" name="setPage" is-config="true" duration-ms="2" started-at="2023-03-06T16:40:10 CST" finished-at="2023-03-06T16:40:10 CST">
          <reporter-output>
          </reporter-output>
        </test-method> <!-- setPage -->
        <test-method status="PASS" signature="validateJavaExercisesCards()[pri:0, instance:scripts.TechGlobalJavaExercisesHomeTest@4e9ba398]" name="validateJavaExercisesCards" duration-ms="1680" started-at="2023-03-06T16:40:10 CST" finished-at="2023-03-06T16:40:11 CST">
          <reporter-output>
          </reporter-output>
        </test-method> <!-- validateJavaExercisesCards -->
        <test-method status="PASS" signature="teardown()[pri:0, instance:scripts.TechGlobalJavaExercisesHomeTest@4e9ba398]" name="teardown" is-config="true" duration-ms="165" started-at="2023-03-06T16:40:11 CST" finished-at="2023-03-06T16:40:12 CST">
          <reporter-output>
          </reporter-output>
        </test-method> <!-- teardown -->
      </class> <!-- scripts.TechGlobalJavaExercisesHomeTest -->
      <class name="scripts.TechGlobalCheckBoxTest">
        <test-method status="PASS" signature="setup()[pri:0, instance:scripts.TechGlobalCheckBoxTest@6fc6f14e]" name="setup" is-config="true" duration-ms="3168" started-at="2023-03-06T16:42:02 CST" finished-at="2023-03-06T16:42:05 CST">
          <reporter-output>
          </reporter-output>
        </test-method> <!-- setup -->
        <test-method status="PASS" signature="setPage()[pri:0, instance:scripts.TechGlobalCheckBoxTest@6fc6f14e]" name="setPage" is-config="true" duration-ms="2" started-at="2023-03-06T16:42:05 CST" finished-at="2023-03-06T16:42:05 CST">
          <reporter-output>
          </reporter-output>
        </test-method> <!-- setPage -->
        <test-method status="PASS" signature="validateCheckboxes1()[pri:1, instance:scripts.TechGlobalCheckBoxTest@6fc6f14e]" name="validateCheckboxes1" duration-ms="1046" started-at="2023-03-06T16:42:05 CST" description="Validate Checkboxes first group" finished-at="2023-03-06T16:42:06 CST">
          <reporter-output>
          </reporter-output>
        </test-method> <!-- validateCheckboxes1 -->
        <test-method status="PASS" signature="teardown()[pri:0, instance:scripts.TechGlobalCheckBoxTest@6fc6f14e]" name="teardown" is-config="true" duration-ms="131" started-at="2023-03-06T16:42:06 CST" finished-at="2023-03-06T16:42:07 CST">
          <reporter-output>
          </reporter-output>
        </test-method> <!-- teardown -->
        <test-method status="PASS" signature="setup()[pri:0, instance:scripts.TechGlobalCheckBoxTest@6fc6f14e]" name="setup" is-config="true" duration-ms="3231" started-at="2023-03-06T16:42:07 CST" finished-at="2023-03-06T16:42:10 CST">
          <reporter-output>
          </reporter-output>
        </test-method> <!-- setup -->
        <test-method status="PASS" signature="setPage()[pri:0, instance:scripts.TechGlobalCheckBoxTest@6fc6f14e]" name="setPage" is-config="true" duration-ms="0" started-at="2023-03-06T16:42:10 CST" finished-at="2023-03-06T16:42:10 CST">
          <reporter-output>
          </reporter-output>
        </test-method> <!-- setPage -->
        <test-method status="PASS" signature="validateCheckboxes2()[pri:1, instance:scripts.TechGlobalCheckBoxTest@6fc6f14e]" name="validateCheckboxes2" duration-ms="1064" started-at="2023-03-06T16:42:10 CST" description="Validate Checkboxes second group" finished-at="2023-03-06T16:42:11 CST">
          <reporter-output>
          </reporter-output>
        </test-method> <!-- validateCheckboxes2 -->
        <test-method status="PASS" signature="teardown()[pri:0, instance:scripts.TechGlobalCheckBoxTest@6fc6f14e]" name="teardown" is-config="true" duration-ms="168" started-at="2023-03-06T16:42:11 CST" finished-at="2023-03-06T16:42:11 CST">
          <reporter-output>
          </reporter-output>
        </test-method> <!-- teardown -->
      </class> <!-- scripts.TechGlobalCheckBoxTest -->
      <class name="scripts.TechGlobalAlertsTest">
        <test-method status="PASS" signature="setup()[pri:0, instance:scripts.TechGlobalAlertsTest@6d7b4f4c]" name="setup" is-config="true" duration-ms="3321" started-at="2023-03-06T16:40:12 CST" finished-at="2023-03-06T16:40:15 CST">
          <reporter-output>
          </reporter-output>
        </test-method> <!-- setup -->
        <test-method status="PASS" signature="setPage()[pri:0, instance:scripts.TechGlobalAlertsTest@6d7b4f4c]" name="setPage" is-config="true" duration-ms="836" started-at="2023-03-06T16:40:15 CST" finished-at="2023-03-06T16:40:16 CST">
          <reporter-output>
          </reporter-output>
        </test-method> <!-- setPage -->
        <test-method status="PASS" signature="warningAlertValidation()[pri:1, instance:scripts.TechGlobalAlertsTest@6d7b4f4c]" name="warningAlertValidation" duration-ms="131" started-at="2023-03-06T16:40:16 CST" description="Validate Warning alert" finished-at="2023-03-06T16:40:16 CST">
          <reporter-output>
          </reporter-output>
        </test-method> <!-- warningAlertValidation -->
        <test-method status="PASS" signature="teardown()[pri:0, instance:scripts.TechGlobalAlertsTest@6d7b4f4c]" name="teardown" is-config="true" duration-ms="164" started-at="2023-03-06T16:40:16 CST" finished-at="2023-03-06T16:40:16 CST">
          <reporter-output>
          </reporter-output>
        </test-method> <!-- teardown -->
        <test-method status="PASS" signature="setup()[pri:0, instance:scripts.TechGlobalAlertsTest@6d7b4f4c]" name="setup" is-config="true" duration-ms="3314" started-at="2023-03-06T16:40:16 CST" finished-at="2023-03-06T16:40:19 CST">
          <reporter-output>
          </reporter-output>
        </test-method> <!-- setup -->
        <test-method status="PASS" signature="setPage()[pri:0, instance:scripts.TechGlobalAlertsTest@6d7b4f4c]" name="setPage" is-config="true" duration-ms="836" started-at="2023-03-06T16:40:19 CST" finished-at="2023-03-06T16:40:20 CST">
          <reporter-output>
          </reporter-output>
        </test-method> <!-- setPage -->
        <test-method status="PASS" signature="confirmationAlertValidation()[pri:2, instance:scripts.TechGlobalAlertsTest@6d7b4f4c]" name="confirmationAlertValidation" duration-ms="224" started-at="2023-03-06T16:40:20 CST" description="Validate Confirmation alert" finished-at="2023-03-06T16:40:20 CST">
          <reporter-output>
          </reporter-output>
        </test-method> <!-- confirmationAlertValidation -->
        <test-method status="PASS" signature="teardown()[pri:0, instance:scripts.TechGlobalAlertsTest@6d7b4f4c]" name="teardown" is-config="true" duration-ms="144" started-at="2023-03-06T16:40:20 CST" finished-at="2023-03-06T16:40:21 CST">
          <reporter-output>
          </reporter-output>
        </test-method> <!-- teardown -->
        <test-method status="PASS" signature="setup()[pri:0, instance:scripts.TechGlobalAlertsTest@6d7b4f4c]" name="setup" is-config="true" duration-ms="3339" started-at="2023-03-06T16:40:21 CST" finished-at="2023-03-06T16:40:24 CST">
          <reporter-output>
          </reporter-output>
        </test-method> <!-- setup -->
        <test-method status="PASS" signature="setPage()[pri:0, instance:scripts.TechGlobalAlertsTest@6d7b4f4c]" name="setPage" is-config="true" duration-ms="797" started-at="2023-03-06T16:40:24 CST" finished-at="2023-03-06T16:40:25 CST">
          <reporter-output>
          </reporter-output>
        </test-method> <!-- setPage -->
        <test-method status="PASS" signature="promptAlertValidation()[pri:3, instance:scripts.TechGlobalAlertsTest@6d7b4f4c]" name="promptAlertValidation" duration-ms="491" started-at="2023-03-06T16:40:25 CST" description="Validate Prompt alert" finished-at="2023-03-06T16:40:25 CST">
          <reporter-output>
          </reporter-output>
        </test-method> <!-- promptAlertValidation -->
        <test-method status="PASS" signature="teardown()[pri:0, instance:scripts.TechGlobalAlertsTest@6d7b4f4c]" name="teardown" is-config="true" duration-ms="157" started-at="2023-03-06T16:40:25 CST" finished-at="2023-03-06T16:40:25 CST">
          <reporter-output>
          </reporter-output>
        </test-method> <!-- teardown -->
      </class> <!-- scripts.TechGlobalAlertsTest -->
      <class name="scripts.TechGlobalIFramesTest">
        <test-method status="PASS" signature="setup()[pri:0, instance:scripts.TechGlobalIFramesTest@71423665]" name="setup" is-config="true" duration-ms="3341" started-at="2023-03-06T16:41:31 CST" finished-at="2023-03-06T16:41:34 CST">
          <reporter-output>
          </reporter-output>
        </test-method> <!-- setup -->
        <test-method status="PASS" signature="setPage()[pri:0, instance:scripts.TechGlobalIFramesTest@71423665]" name="setPage" is-config="true" duration-ms="952" started-at="2023-03-06T16:41:34 CST" finished-at="2023-03-06T16:41:35 CST">
          <reporter-output>
          </reporter-output>
        </test-method> <!-- setPage -->
        <test-method status="PASS" signature="validateInputText()[pri:1, instance:scripts.TechGlobalIFramesTest@71423665]" name="validateInputText" duration-ms="228" started-at="2023-03-06T16:41:35 CST" description="Validating input header text" finished-at="2023-03-06T16:41:36 CST">
          <reporter-output>
          </reporter-output>
        </test-method> <!-- validateInputText -->
        <test-method status="PASS" signature="teardown()[pri:0, instance:scripts.TechGlobalIFramesTest@71423665]" name="teardown" is-config="true" duration-ms="161" started-at="2023-03-06T16:41:36 CST" finished-at="2023-03-06T16:41:36 CST">
          <reporter-output>
          </reporter-output>
        </test-method> <!-- teardown -->
        <test-method status="PASS" signature="setup()[pri:0, instance:scripts.TechGlobalIFramesTest@71423665]" name="setup" is-config="true" duration-ms="4243" started-at="2023-03-06T16:41:36 CST" finished-at="2023-03-06T16:41:40 CST">
          <reporter-output>
          </reporter-output>
        </test-method> <!-- setup -->
        <test-method status="PASS" signature="setPage()[pri:0, instance:scripts.TechGlobalIFramesTest@71423665]" name="setPage" is-config="true" duration-ms="870" started-at="2023-03-06T16:41:40 CST" finished-at="2023-03-06T16:41:41 CST">
          <reporter-output>
          </reporter-output>
        </test-method> <!-- setPage -->
        <test-method status="PASS" signature="validateResultDisplay()[pri:2, instance:scripts.TechGlobalIFramesTest@71423665]" name="validateResultDisplay" duration-ms="662" started-at="2023-03-06T16:41:41 CST" description="Validating result display" finished-at="2023-03-06T16:41:41 CST">
          <reporter-output>
          </reporter-output>
        </test-method> <!-- validateResultDisplay -->
        <test-method status="PASS" signature="teardown()[pri:0, instance:scripts.TechGlobalIFramesTest@71423665]" name="teardown" is-config="true" duration-ms="187" started-at="2023-03-06T16:41:41 CST" finished-at="2023-03-06T16:41:42 CST">
          <reporter-output>
          </reporter-output>
        </test-method> <!-- teardown -->
      </class> <!-- scripts.TechGlobalIFramesTest -->
      <class name="scripts.TechGlobalFileDownloadTest">
        <test-method status="PASS" signature="setup()[pri:0, instance:scripts.TechGlobalFileDownloadTest@370736d9]" name="setup" is-config="true" duration-ms="3265" started-at="2023-03-06T16:40:50 CST" finished-at="2023-03-06T16:40:54 CST">
          <reporter-output>
          </reporter-output>
        </test-method> <!-- setup -->
        <test-method status="PASS" signature="setPage()[pri:0, instance:scripts.TechGlobalFileDownloadTest@370736d9]" name="setPage" is-config="true" duration-ms="896" started-at="2023-03-06T16:40:54 CST" finished-at="2023-03-06T16:40:55 CST">
          <reporter-output>
          </reporter-output>
        </test-method> <!-- setPage -->
        <test-method status="PASS" signature="validateFileDownload()[pri:1, instance:scripts.TechGlobalFileDownloadTest@370736d9]" name="validateFileDownload" duration-ms="45" started-at="2023-03-06T16:40:55 CST" description="Validate file download" finished-at="2023-03-06T16:40:55 CST">
          <reporter-output>
          </reporter-output>
        </test-method> <!-- validateFileDownload -->
        <test-method status="PASS" signature="teardown()[pri:0, instance:scripts.TechGlobalFileDownloadTest@370736d9]" name="teardown" is-config="true" duration-ms="141" started-at="2023-03-06T16:40:55 CST" finished-at="2023-03-06T16:40:55 CST">
          <reporter-output>
          </reporter-output>
        </test-method> <!-- teardown -->
      </class> <!-- scripts.TechGlobalFileDownloadTest -->
      <class name="scripts.TechGlobalDynamicElementsTest">
        <test-method status="PASS" signature="setup()[pri:0, instance:scripts.TechGlobalDynamicElementsTest@5abca1e0]" name="setup" is-config="true" duration-ms="3373" started-at="2023-03-06T16:39:52 CST" finished-at="2023-03-06T16:39:55 CST">
          <reporter-output>
          </reporter-output>
        </test-method> <!-- setup -->
        <test-method status="PASS" signature="setPage()[pri:0, instance:scripts.TechGlobalDynamicElementsTest@5abca1e0]" name="setPage" is-config="true" duration-ms="2" started-at="2023-03-06T16:39:55 CST" finished-at="2023-03-06T16:39:55 CST">
          <reporter-output>
          </reporter-output>
        </test-method> <!-- setPage -->
        <test-method status="PASS" signature="dynamicElementsTest()[pri:1, instance:scripts.TechGlobalDynamicElementsTest@5abca1e0]" name="dynamicElementsTest" duration-ms="854" started-at="2023-03-06T16:39:55 CST" description="Testing Dynamic Web Elements" finished-at="2023-03-06T16:39:56 CST">
          <reporter-output>
          </reporter-output>
        </test-method> <!-- dynamicElementsTest -->
        <test-method status="PASS" signature="teardown()[pri:0, instance:scripts.TechGlobalDynamicElementsTest@5abca1e0]" name="teardown" is-config="true" duration-ms="143" started-at="2023-03-06T16:39:56 CST" finished-at="2023-03-06T16:39:56 CST">
          <reporter-output>
          </reporter-output>
        </test-method> <!-- teardown -->
      </class> <!-- scripts.TechGlobalDynamicElementsTest -->
      <class name="scripts.TechGlobalStaticTablesTest">
        <test-method status="PASS" signature="setup()[pri:0, instance:scripts.TechGlobalStaticTablesTest@5383967b]" name="setup" is-config="true" duration-ms="3378" started-at="2023-03-06T16:41:04 CST" finished-at="2023-03-06T16:41:08 CST">
          <reporter-output>
          </reporter-output>
        </test-method> <!-- setup -->
        <test-method status="PASS" signature="setPage()[pri:0, instance:scripts.TechGlobalStaticTablesTest@5383967b]" name="setPage" is-config="true" duration-ms="939" started-at="2023-03-06T16:41:08 CST" finished-at="2023-03-06T16:41:09 CST">
          <reporter-output>
          </reporter-output>
        </test-method> <!-- setPage -->
        <test-method status="PASS" signature="validateStaticTablesHeader()[pri:1, instance:scripts.TechGlobalStaticTablesTest@5383967b]" name="validateStaticTablesHeader" duration-ms="74" started-at="2023-03-06T16:41:09 CST" description="Validate Header Table text" finished-at="2023-03-06T16:41:09 CST">
          <reporter-output>
          </reporter-output>
        </test-method> <!-- validateStaticTablesHeader -->
        <test-method status="PASS" signature="teardown()[pri:0, instance:scripts.TechGlobalStaticTablesTest@5383967b]" name="teardown" is-config="true" duration-ms="133" started-at="2023-03-06T16:41:09 CST" finished-at="2023-03-06T16:41:09 CST">
          <reporter-output>
          </reporter-output>
        </test-method> <!-- teardown -->
        <test-method status="PASS" signature="setup()[pri:0, instance:scripts.TechGlobalStaticTablesTest@5383967b]" name="setup" is-config="true" duration-ms="3396" started-at="2023-03-06T16:41:09 CST" finished-at="2023-03-06T16:41:12 CST">
          <reporter-output>
          </reporter-output>
        </test-method> <!-- setup -->
        <test-method status="PASS" signature="setPage()[pri:0, instance:scripts.TechGlobalStaticTablesTest@5383967b]" name="setPage" is-config="true" duration-ms="885" started-at="2023-03-06T16:41:12 CST" finished-at="2023-03-06T16:41:13 CST">
          <reporter-output>
          </reporter-output>
        </test-method> <!-- setPage -->
        <test-method status="PASS" signature="validateStaticTablesRow1()[pri:2, instance:scripts.TechGlobalStaticTablesTest@5383967b]" name="validateStaticTablesRow1" duration-ms="57" started-at="2023-03-06T16:41:13 CST" description="Validate Row 1 text" finished-at="2023-03-06T16:41:13 CST">
          <reporter-output>
          </reporter-output>
        </test-method> <!-- validateStaticTablesRow1 -->
        <test-method status="PASS" signature="teardown()[pri:0, instance:scripts.TechGlobalStaticTablesTest@5383967b]" name="teardown" is-config="true" duration-ms="170" started-at="2023-03-06T16:41:13 CST" finished-at="2023-03-06T16:41:13 CST">
          <reporter-output>
          </reporter-output>
        </test-method> <!-- teardown -->
        <test-method status="PASS" signature="setup()[pri:0, instance:scripts.TechGlobalStaticTablesTest@5383967b]" name="setup" is-config="true" duration-ms="4217" started-at="2023-03-06T16:41:13 CST" finished-at="2023-03-06T16:41:18 CST">
          <reporter-output>
          </reporter-output>
        </test-method> <!-- setup -->
        <test-method status="PASS" signature="setPage()[pri:0, instance:scripts.TechGlobalStaticTablesTest@5383967b]" name="setPage" is-config="true" duration-ms="1246" started-at="2023-03-06T16:41:18 CST" finished-at="2023-03-06T16:41:19 CST">
          <reporter-output>
          </reporter-output>
        </test-method> <!-- setPage -->
        <test-method status="PASS" signature="validateStaticTableColumn4()[pri:3, instance:scripts.TechGlobalStaticTablesTest@5383967b]" name="validateStaticTableColumn4" duration-ms="112" started-at="2023-03-06T16:41:19 CST" description="Validate Column 4 text" finished-at="2023-03-06T16:41:19 CST">
          <reporter-output>
          </reporter-output>
        </test-method> <!-- validateStaticTableColumn4 -->
        <test-method status="PASS" signature="teardown()[pri:0, instance:scripts.TechGlobalStaticTablesTest@5383967b]" name="teardown" is-config="true" duration-ms="121" started-at="2023-03-06T16:41:19 CST" finished-at="2023-03-06T16:41:19 CST">
          <reporter-output>
          </reporter-output>
        </test-method> <!-- teardown -->
        <test-method status="PASS" signature="setup()[pri:0, instance:scripts.TechGlobalStaticTablesTest@5383967b]" name="setup" is-config="true" duration-ms="3256" started-at="2023-03-06T16:41:19 CST" finished-at="2023-03-06T16:41:22 CST">
          <reporter-output>
          </reporter-output>
        </test-method> <!-- setup -->
        <test-method status="PASS" signature="setPage()[pri:0, instance:scripts.TechGlobalStaticTablesTest@5383967b]" name="setPage" is-config="true" duration-ms="816" started-at="2023-03-06T16:41:22 CST" finished-at="2023-03-06T16:41:23 CST">
          <reporter-output>
          </reporter-output>
        </test-method> <!-- setPage -->
        <test-method status="PASS" signature="validateAllCells()[pri:4, instance:scripts.TechGlobalStaticTablesTest@5383967b]" name="validateAllCells" duration-ms="306" started-at="2023-03-06T16:41:23 CST" description="Validate all cells" finished-at="2023-03-06T16:41:23 CST">
          <reporter-output>
          </reporter-output>
        </test-method> <!-- validateAllCells -->
        <test-method status="PASS" signature="teardown()[pri:0, instance:scripts.TechGlobalStaticTablesTest@5383967b]" name="teardown" is-config="true" duration-ms="160" started-at="2023-03-06T16:41:23 CST" finished-at="2023-03-06T16:41:24 CST">
          <reporter-output>
          </reporter-output>
        </test-method> <!-- teardown -->
      </class> <!-- scripts.TechGlobalStaticTablesTest -->
      <class name="scripts.TechGlobalCalendarTest">
        <test-method status="PASS" signature="setup()[pri:0, instance:scripts.TechGlobalCalendarTest@5f9d02cb]" name="setup" is-config="true" duration-ms="3246" started-at="2023-03-06T16:40:55 CST" finished-at="2023-03-06T16:40:58 CST">
          <reporter-output>
          </reporter-output>
        </test-method> <!-- setup -->
        <test-method status="PASS" signature="setPage()[pri:0, instance:scripts.TechGlobalCalendarTest@5f9d02cb]" name="setPage" is-config="true" duration-ms="1100" started-at="2023-03-06T16:40:58 CST" finished-at="2023-03-06T16:40:59 CST">
          <reporter-output>
          </reporter-output>
        </test-method> <!-- setPage -->
        <test-method status="PASS" signature="validateDatePicker()[pri:1, instance:scripts.TechGlobalCalendarTest@5f9d02cb]" name="validateDatePicker" duration-ms="563" started-at="2023-03-06T16:40:59 CST" description="Validate Date Picker" finished-at="2023-03-06T16:41:00 CST">
          <reporter-output>
          </reporter-output>
        </test-method> <!-- validateDatePicker -->
        <test-method status="PASS" signature="teardown()[pri:0, instance:scripts.TechGlobalCalendarTest@5f9d02cb]" name="teardown" is-config="true" duration-ms="135" started-at="2023-03-06T16:41:00 CST" finished-at="2023-03-06T16:41:00 CST">
          <reporter-output>
          </reporter-output>
        </test-method> <!-- teardown -->
      </class> <!-- scripts.TechGlobalCalendarTest -->
      <class name="scripts.TechGlobalLogoTest">
        <test-method status="PASS" signature="setup()[pri:0, instance:scripts.TechGlobalLogoTest@5ec0a365]" name="setup" is-config="true" duration-ms="3418" started-at="2023-03-06T16:39:25 CST" finished-at="2023-03-06T16:39:28 CST">
          <reporter-output>
          </reporter-output>
        </test-method> <!-- setup -->
        <test-method status="PASS" signature="validateTechGlobalLogo()[pri:0, instance:scripts.TechGlobalLogoTest@5ec0a365]" name="validateTechGlobalLogo" duration-ms="75" started-at="2023-03-06T16:39:28 CST" finished-at="2023-03-06T16:39:28 CST">
          <reporter-output>
          </reporter-output>
        </test-method> <!-- validateTechGlobalLogo -->
        <test-method status="PASS" signature="teardown()[pri:0, instance:scripts.TechGlobalLogoTest@5ec0a365]" name="teardown" is-config="true" duration-ms="164" started-at="2023-03-06T16:39:28 CST" finished-at="2023-03-06T16:39:28 CST">
          <reporter-output>
          </reporter-output>
        </test-method> <!-- teardown -->
      </class> <!-- scripts.TechGlobalLogoTest -->
      <class name="scripts.TechGlobalMultipleWindowsTest">
        <test-method status="PASS" signature="setup()[pri:0, instance:scripts.TechGlobalMultipleWindowsTest@56235b8e]" name="setup" is-config="true" duration-ms="3235" started-at="2023-03-06T16:42:11 CST" finished-at="2023-03-06T16:42:14 CST">
          <reporter-output>
          </reporter-output>
        </test-method> <!-- setup -->
        <test-method status="PASS" signature="setPage()[pri:0, instance:scripts.TechGlobalMultipleWindowsTest@56235b8e]" name="setPage" is-config="true" duration-ms="867" started-at="2023-03-06T16:42:14 CST" finished-at="2023-03-06T16:42:15 CST">
          <reporter-output>
          </reporter-output>
        </test-method> <!-- setPage -->
        <test-method status="PASS" signature="validateTheAppleLink()[pri:1, instance:scripts.TechGlobalMultipleWindowsTest@56235b8e]" name="validateTheAppleLink" duration-ms="2007" started-at="2023-03-06T16:42:15 CST" description="Validate the Apple link" finished-at="2023-03-06T16:42:17 CST">
          <reporter-output>
          </reporter-output>
        </test-method> <!-- validateTheAppleLink -->
        <test-method status="PASS" signature="teardown()[pri:0, instance:scripts.TechGlobalMultipleWindowsTest@56235b8e]" name="teardown" is-config="true" duration-ms="197" started-at="2023-03-06T16:42:17 CST" finished-at="2023-03-06T16:42:17 CST">
          <reporter-output>
          </reporter-output>
        </test-method> <!-- teardown -->
        <test-method status="PASS" signature="setup()[pri:0, instance:scripts.TechGlobalMultipleWindowsTest@56235b8e]" name="setup" is-config="true" duration-ms="3445" started-at="2023-03-06T16:42:17 CST" finished-at="2023-03-06T16:42:21 CST">
          <reporter-output>
          </reporter-output>
        </test-method> <!-- setup -->
        <test-method status="PASS" signature="setPage()[pri:0, instance:scripts.TechGlobalMultipleWindowsTest@56235b8e]" name="setPage" is-config="true" duration-ms="841" started-at="2023-03-06T16:42:21 CST" finished-at="2023-03-06T16:42:22 CST">
          <reporter-output>
          </reporter-output>
        </test-method> <!-- setPage -->
        <test-method status="PASS" signature="validateLinkURLs()[pri:2, instance:scripts.TechGlobalMultipleWindowsTest@56235b8e]" name="validateLinkURLs" duration-ms="5631" started-at="2023-03-06T16:42:22 CST" description="Validate link URLs" finished-at="2023-03-06T16:42:27 CST">
          <reporter-output>
          </reporter-output>
        </test-method> <!-- validateLinkURLs -->
        <test-method status="PASS" signature="teardown()[pri:0, instance:scripts.TechGlobalMultipleWindowsTest@56235b8e]" name="teardown" is-config="true" duration-ms="251" started-at="2023-03-06T16:42:27 CST" finished-at="2023-03-06T16:42:28 CST">
          <reporter-output>
          </reporter-output>
        </test-method> <!-- teardown -->
      </class> <!-- scripts.TechGlobalMultipleWindowsTest -->
      <class name="scripts.TechGlobalSortableTablesTest">
        <test-method status="PASS" signature="setup()[pri:0, instance:scripts.TechGlobalSortableTablesTest@4fe3c938]" name="setup" is-config="true" duration-ms="3547" started-at="2023-03-06T16:39:28 CST" finished-at="2023-03-06T16:39:32 CST">
          <reporter-output>
          </reporter-output>
        </test-method> <!-- setup -->
        <test-method status="PASS" signature="setPage()[pri:0, instance:scripts.TechGlobalSortableTablesTest@4fe3c938]" name="setPage" is-config="true" duration-ms="992" started-at="2023-03-06T16:39:32 CST" finished-at="2023-03-06T16:39:33 CST">
          <reporter-output>
          </reporter-output>
        </test-method> <!-- setPage -->
        <test-method status="PASS" signature="validateSortAcsByQuantity()[pri:1, instance:scripts.TechGlobalSortableTablesTest@4fe3c938]" name="validateSortAcsByQuantity" duration-ms="82" started-at="2023-03-06T16:39:33 CST" description="Sort table by acs and validate it is sorted bt quantity" finished-at="2023-03-06T16:39:33 CST">
          <reporter-output>
          </reporter-output>
        </test-method> <!-- validateSortAcsByQuantity -->
        <test-method status="PASS" signature="teardown()[pri:0, instance:scripts.TechGlobalSortableTablesTest@4fe3c938]" name="teardown" is-config="true" duration-ms="187" started-at="2023-03-06T16:39:33 CST" finished-at="2023-03-06T16:39:33 CST">
          <reporter-output>
          </reporter-output>
        </test-method> <!-- teardown -->
        <test-method status="PASS" signature="setup()[pri:0, instance:scripts.TechGlobalSortableTablesTest@4fe3c938]" name="setup" is-config="true" duration-ms="3394" started-at="2023-03-06T16:39:33 CST" finished-at="2023-03-06T16:39:37 CST">
          <reporter-output>
          </reporter-output>
        </test-method> <!-- setup -->
        <test-method status="PASS" signature="setPage()[pri:0, instance:scripts.TechGlobalSortableTablesTest@4fe3c938]" name="setPage" is-config="true" duration-ms="1077" started-at="2023-03-06T16:39:37 CST" finished-at="2023-03-06T16:39:38 CST">
          <reporter-output>
          </reporter-output>
        </test-method> <!-- setPage -->
        <test-method status="PASS" signature="validateSortDescByQuantity()[pri:2, instance:scripts.TechGlobalSortableTablesTest@4fe3c938]" name="validateSortDescByQuantity" duration-ms="92" started-at="2023-03-06T16:39:38 CST" description="Sort table by desc and validate it is sorted bt quantity" finished-at="2023-03-06T16:39:38 CST">
          <reporter-output>
          </reporter-output>
        </test-method> <!-- validateSortDescByQuantity -->
        <test-method status="PASS" signature="teardown()[pri:0, instance:scripts.TechGlobalSortableTablesTest@4fe3c938]" name="teardown" is-config="true" duration-ms="170" started-at="2023-03-06T16:39:38 CST" finished-at="2023-03-06T16:39:38 CST">
          <reporter-output>
          </reporter-output>
        </test-method> <!-- teardown -->
        <test-method status="PASS" signature="setup()[pri:0, instance:scripts.TechGlobalSortableTablesTest@4fe3c938]" name="setup" is-config="true" duration-ms="3488" started-at="2023-03-06T16:39:43 CST" finished-at="2023-03-06T16:39:46 CST">
          <reporter-output>
          </reporter-output>
        </test-method> <!-- setup -->
        <test-method status="PASS" signature="setPage()[pri:0, instance:scripts.TechGlobalSortableTablesTest@4fe3c938]" name="setPage" is-config="true" duration-ms="978" started-at="2023-03-06T16:39:46 CST" finished-at="2023-03-06T16:39:47 CST">
          <reporter-output>
          </reporter-output>
        </test-method> <!-- setPage -->
        <test-method status="PASS" signature="validateSortAscByPrice()[pri:3, instance:scripts.TechGlobalSortableTablesTest@4fe3c938]" name="validateSortAscByPrice" duration-ms="93" started-at="2023-03-06T16:39:47 CST" description="Sort table by asc and validate it is sorted bt price" finished-at="2023-03-06T16:39:47 CST">
          <reporter-output>
          </reporter-output>
        </test-method> <!-- validateSortAscByPrice -->
        <test-method status="PASS" signature="teardown()[pri:0, instance:scripts.TechGlobalSortableTablesTest@4fe3c938]" name="teardown" is-config="true" duration-ms="166" started-at="2023-03-06T16:39:47 CST" finished-at="2023-03-06T16:39:47 CST">
          <reporter-output>
          </reporter-output>
        </test-method> <!-- teardown -->
        <test-method status="PASS" signature="setup()[pri:0, instance:scripts.TechGlobalSortableTablesTest@4fe3c938]" name="setup" is-config="true" duration-ms="3374" started-at="2023-03-06T16:41:00 CST" finished-at="2023-03-06T16:41:03 CST">
          <reporter-output>
          </reporter-output>
        </test-method> <!-- setup -->
        <test-method status="PASS" signature="setPage()[pri:0, instance:scripts.TechGlobalSortableTablesTest@4fe3c938]" name="setPage" is-config="true" duration-ms="916" started-at="2023-03-06T16:41:03 CST" finished-at="2023-03-06T16:41:04 CST">
          <reporter-output>
          </reporter-output>
        </test-method> <!-- setPage -->
        <test-method status="PASS" signature="validateSortDescByPrice()[pri:4, instance:scripts.TechGlobalSortableTablesTest@4fe3c938]" name="validateSortDescByPrice" duration-ms="99" started-at="2023-03-06T16:41:04 CST" description="Sort table by desc and validate it is sorted bt price" finished-at="2023-03-06T16:41:04 CST">
          <reporter-output>
          </reporter-output>
        </test-method> <!-- validateSortDescByPrice -->
        <test-method status="PASS" signature="teardown()[pri:0, instance:scripts.TechGlobalSortableTablesTest@4fe3c938]" name="teardown" is-config="true" duration-ms="138" started-at="2023-03-06T16:41:04 CST" finished-at="2023-03-06T16:41:04 CST">
          <reporter-output>
          </reporter-output>
        </test-method> <!-- teardown -->
      </class> <!-- scripts.TechGlobalSortableTablesTest -->
      <class name="scripts.TechGlobalRadioButtonsTest">
        <test-method status="PASS" signature="setup()[pri:0, instance:scripts.TechGlobalRadioButtonsTest@527740a2]" name="setup" is-config="true" duration-ms="3250" started-at="2023-03-06T16:40:25 CST" finished-at="2023-03-06T16:40:29 CST">
          <reporter-output>
          </reporter-output>
        </test-method> <!-- setup -->
        <test-method status="PASS" signature="setPage()[pri:0, instance:scripts.TechGlobalRadioButtonsTest@527740a2]" name="setPage" is-config="true" duration-ms="2" started-at="2023-03-06T16:40:29 CST" finished-at="2023-03-06T16:40:29 CST">
          <reporter-output>
          </reporter-output>
        </test-method> <!-- setPage -->
        <test-method status="PASS" signature="javaRadioButtonValidation()[pri:0, instance:scripts.TechGlobalRadioButtonsTest@527740a2]" name="javaRadioButtonValidation" duration-ms="904" started-at="2023-03-06T16:40:29 CST" finished-at="2023-03-06T16:40:29 CST">
          <reporter-output>
          </reporter-output>
        </test-method> <!-- javaRadioButtonValidation -->
        <test-method status="PASS" signature="teardown()[pri:0, instance:scripts.TechGlobalRadioButtonsTest@527740a2]" name="teardown" is-config="true" duration-ms="124" started-at="2023-03-06T16:40:29 CST" finished-at="2023-03-06T16:40:30 CST">
          <reporter-output>
          </reporter-output>
        </test-method> <!-- teardown -->
        <test-method status="PASS" signature="setup()[pri:0, instance:scripts.TechGlobalRadioButtonsTest@527740a2]" name="setup" is-config="true" duration-ms="3434" started-at="2023-03-06T16:40:30 CST" finished-at="2023-03-06T16:40:33 CST">
          <reporter-output>
          </reporter-output>
        </test-method> <!-- setup -->
        <test-method status="PASS" signature="setPage()[pri:0, instance:scripts.TechGlobalRadioButtonsTest@527740a2]" name="setPage" is-config="true" duration-ms="1" started-at="2023-03-06T16:40:33 CST" finished-at="2023-03-06T16:40:33 CST">
          <reporter-output>
          </reporter-output>
        </test-method> <!-- setPage -->
        <test-method status="PASS" signature="languageRadioButtons1()[pri:1, instance:scripts.TechGlobalRadioButtonsTest@527740a2]" name="languageRadioButtons1" duration-ms="935" started-at="2023-03-06T16:40:33 CST" description="Validate Tech Global Language Radio Buttons (1)" finished-at="2023-03-06T16:40:34 CST">
          <reporter-output>
          </reporter-output>
        </test-method> <!-- languageRadioButtons1 -->
        <test-method status="PASS" signature="teardown()[pri:0, instance:scripts.TechGlobalRadioButtonsTest@527740a2]" name="teardown" is-config="true" duration-ms="156" started-at="2023-03-06T16:40:34 CST" finished-at="2023-03-06T16:40:34 CST">
          <reporter-output>
          </reporter-output>
        </test-method> <!-- teardown -->
        <test-method status="PASS" signature="setup()[pri:0, instance:scripts.TechGlobalRadioButtonsTest@527740a2]" name="setup" is-config="true" duration-ms="3415" started-at="2023-03-06T16:40:34 CST" finished-at="2023-03-06T16:40:38 CST">
          <reporter-output>
          </reporter-output>
        </test-method> <!-- setup -->
        <test-method status="PASS" signature="setPage()[pri:0, instance:scripts.TechGlobalRadioButtonsTest@527740a2]" name="setPage" is-config="true" duration-ms="2" started-at="2023-03-06T16:40:38 CST" finished-at="2023-03-06T16:40:38 CST">
          <reporter-output>
          </reporter-output>
        </test-method> <!-- setPage -->
        <test-method status="PASS" signature="languageRadioButtons2()[pri:2, instance:scripts.TechGlobalRadioButtonsTest@527740a2]" name="languageRadioButtons2" duration-ms="1148" started-at="2023-03-06T16:40:38 CST" description="Validate Tech Global Language Radio Buttons (2)" finished-at="2023-03-06T16:40:39 CST">
          <reporter-output>
          </reporter-output>
        </test-method> <!-- languageRadioButtons2 -->
        <test-method status="PASS" signature="teardown()[pri:0, instance:scripts.TechGlobalRadioButtonsTest@527740a2]" name="teardown" is-config="true" duration-ms="172" started-at="2023-03-06T16:40:39 CST" finished-at="2023-03-06T16:40:39 CST">
          <reporter-output>
          </reporter-output>
        </test-method> <!-- teardown -->
      </class> <!-- scripts.TechGlobalRadioButtonsTest -->
      <class name="scripts.TechGlobalDynamicTablesTest">
        <test-method status="PASS" signature="setup()[pri:0, instance:scripts.TechGlobalDynamicTablesTest@2286778]" name="setup" is-config="true" duration-ms="3372" started-at="2023-03-06T16:39:56 CST" finished-at="2023-03-06T16:40:00 CST">
          <reporter-output>
          </reporter-output>
        </test-method> <!-- setup -->
        <test-method status="PASS" signature="setPage()[pri:0, instance:scripts.TechGlobalDynamicTablesTest@2286778]" name="setPage" is-config="true" duration-ms="926" started-at="2023-03-06T16:40:00 CST" finished-at="2023-03-06T16:40:01 CST">
          <reporter-output>
          </reporter-output>
        </test-method> <!-- setPage -->
        <test-method status="PASS" signature="popupValidation()[pri:1, instance:scripts.TechGlobalDynamicTablesTest@2286778]" name="popupValidation" duration-ms="126" started-at="2023-03-06T16:40:01 CST" description="pop up validation" finished-at="2023-03-06T16:40:01 CST">
          <reporter-output>
          </reporter-output>
        </test-method> <!-- popupValidation -->
        <test-method status="PASS" signature="teardown()[pri:0, instance:scripts.TechGlobalDynamicTablesTest@2286778]" name="teardown" is-config="true" duration-ms="181" started-at="2023-03-06T16:40:01 CST" finished-at="2023-03-06T16:40:01 CST">
          <reporter-output>
          </reporter-output>
        </test-method> <!-- teardown -->
        <test-method status="PASS" signature="setup()[pri:0, instance:scripts.TechGlobalDynamicTablesTest@2286778]" name="setup" is-config="true" duration-ms="3357" started-at="2023-03-06T16:40:01 CST" finished-at="2023-03-06T16:40:04 CST">
          <reporter-output>
          </reporter-output>
        </test-method> <!-- setup -->
        <test-method status="PASS" signature="setPage()[pri:0, instance:scripts.TechGlobalDynamicTablesTest@2286778]" name="setPage" is-config="true" duration-ms="991" started-at="2023-03-06T16:40:04 CST" finished-at="2023-03-06T16:40:05 CST">
          <reporter-output>
          </reporter-output>
        </test-method> <!-- setPage -->
        <test-method status="PASS" signature="validateDynamicTable()[pri:2, instance:scripts.TechGlobalDynamicTablesTest@2286778]" name="validateDynamicTable" duration-ms="660" started-at="2023-03-06T16:40:05 CST" description="Validate Dynamic Table" finished-at="2023-03-06T16:40:06 CST">
          <reporter-output>
          </reporter-output>
        </test-method> <!-- validateDynamicTable -->
        <test-method status="PASS" signature="teardown()[pri:0, instance:scripts.TechGlobalDynamicTablesTest@2286778]" name="teardown" is-config="true" duration-ms="179" started-at="2023-03-06T16:40:06 CST" finished-at="2023-03-06T16:40:06 CST">
          <reporter-output>
          </reporter-output>
        </test-method> <!-- teardown -->
      </class> <!-- scripts.TechGlobalDynamicTablesTest -->
      <class name="scripts.TechGlobalHeaderTest">
        <test-method status="PASS" signature="setup()[pri:0, instance:scripts.TechGlobalHeaderTest@2ac273d3]" name="setup" is-config="true" duration-ms="3249" started-at="2023-03-06T16:41:24 CST" finished-at="2023-03-06T16:41:27 CST">
          <reporter-output>
          </reporter-output>
        </test-method> <!-- setup -->
        <test-method status="PASS" signature="validateTechGlobalHeaderDropdownOptions()[pri:1, instance:scripts.TechGlobalHeaderTest@2ac273d3]" name="validateTechGlobalHeaderDropdownOptions" duration-ms="474" started-at="2023-03-06T16:41:27 CST" finished-at="2023-03-06T16:41:27 CST">
          <reporter-output>
          </reporter-output>
        </test-method> <!-- validateTechGlobalHeaderDropdownOptions -->
        <test-method status="PASS" signature="teardown()[pri:0, instance:scripts.TechGlobalHeaderTest@2ac273d3]" name="teardown" is-config="true" duration-ms="125" started-at="2023-03-06T16:41:27 CST" finished-at="2023-03-06T16:41:27 CST">
          <reporter-output>
          </reporter-output>
        </test-method> <!-- teardown -->
        <test-method status="PASS" signature="setup()[pri:0, instance:scripts.TechGlobalHeaderTest@2ac273d3]" name="setup" is-config="true" duration-ms="3191" started-at="2023-03-06T16:41:27 CST" finished-at="2023-03-06T16:41:31 CST">
          <reporter-output>
          </reporter-output>
        </test-method> <!-- setup -->
        <test-method status="PASS" signature="validateTechGlobalHeaderDropdown()[pri:2, instance:scripts.TechGlobalHeaderTest@2ac273d3]" name="validateTechGlobalHeaderDropdown" duration-ms="173" started-at="2023-03-06T16:41:31 CST" finished-at="2023-03-06T16:41:31 CST">
          <reporter-output>
          </reporter-output>
        </test-method> <!-- validateTechGlobalHeaderDropdown -->
        <test-method status="PASS" signature="teardown()[pri:0, instance:scripts.TechGlobalHeaderTest@2ac273d3]" name="teardown" is-config="true" duration-ms="205" started-at="2023-03-06T16:41:31 CST" finished-at="2023-03-06T16:41:31 CST">
          <reporter-output>
          </reporter-output>
        </test-method> <!-- teardown -->
      </class> <!-- scripts.TechGlobalHeaderTest -->
      <class name="scripts.TechGlobalDropdownsTest">
        <test-method status="PASS" signature="setup()[pri:0, instance:scripts.TechGlobalDropdownsTest@3632be31]" name="setup" is-config="true" duration-ms="7011" started-at="2023-03-06T16:39:01 CST" finished-at="2023-03-06T16:39:08 CST">
          <reporter-output>
          </reporter-output>
        </test-method> <!-- setup -->
        <test-method status="PASS" signature="setPage()[pri:0, instance:scripts.TechGlobalDropdownsTest@3632be31]" name="setPage" is-config="true" duration-ms="1634" started-at="2023-03-06T16:39:08 CST" finished-at="2023-03-06T16:39:10 CST">
          <reporter-output>
          </reporter-output>
        </test-method> <!-- setPage -->
        <test-method status="PASS" signature="selectDeliveryOption()[pri:1, instance:scripts.TechGlobalDropdownsTest@3632be31]" name="selectDeliveryOption" duration-ms="357" started-at="2023-03-06T16:39:10 CST" description="Select Delivery option" finished-at="2023-03-06T16:39:10 CST">
          <reporter-output>
          </reporter-output>
        </test-method> <!-- selectDeliveryOption -->
        <test-method status="PASS" signature="teardown()[pri:0, instance:scripts.TechGlobalDropdownsTest@3632be31]" name="teardown" is-config="true" duration-ms="255" started-at="2023-03-06T16:39:10 CST" finished-at="2023-03-06T16:39:10 CST">
          <reporter-output>
          </reporter-output>
        </test-method> <!-- teardown -->
        <test-method status="PASS" signature="setup()[pri:0, instance:scripts.TechGlobalDropdownsTest@3632be31]" name="setup" is-config="true" duration-ms="3392" started-at="2023-03-06T16:39:16 CST" finished-at="2023-03-06T16:39:19 CST">
          <reporter-output>
          </reporter-output>
        </test-method> <!-- setup -->
        <test-method status="PASS" signature="setPage()[pri:0, instance:scripts.TechGlobalDropdownsTest@3632be31]" name="setPage" is-config="true" duration-ms="807" started-at="2023-03-06T16:39:19 CST" finished-at="2023-03-06T16:39:20 CST">
          <reporter-output>
          </reporter-output>
        </test-method> <!-- setPage -->
        <test-method status="PASS" signature="selectProductOption()[pri:2, instance:scripts.TechGlobalDropdownsTest@3632be31]" name="selectProductOption" duration-ms="86" started-at="2023-03-06T16:39:20 CST" description="Select iPhone 14 Pro Max option" finished-at="2023-03-06T16:39:20 CST">
          <reporter-output>
          </reporter-output>
        </test-method> <!-- selectProductOption -->
        <test-method status="PASS" signature="teardown()[pri:0, instance:scripts.TechGlobalDropdownsTest@3632be31]" name="teardown" is-config="true" duration-ms="225" started-at="2023-03-06T16:39:20 CST" finished-at="2023-03-06T16:39:21 CST">
          <reporter-output>
          </reporter-output>
        </test-method> <!-- teardown -->
        <test-method status="PASS" signature="setup()[pri:0, instance:scripts.TechGlobalDropdownsTest@3632be31]" name="setup" is-config="true" duration-ms="3391" started-at="2023-03-06T16:39:38 CST" finished-at="2023-03-06T16:39:41 CST">
          <reporter-output>
          </reporter-output>
        </test-method> <!-- setup -->
        <test-method status="PASS" signature="setPage()[pri:0, instance:scripts.TechGlobalDropdownsTest@3632be31]" name="setPage" is-config="true" duration-ms="942" started-at="2023-03-06T16:39:41 CST" finished-at="2023-03-06T16:39:42 CST">
          <reporter-output>
          </reporter-output>
        </test-method> <!-- setPage -->
        <test-method status="PASS" signature="selectColorOption()[pri:3, instance:scripts.TechGlobalDropdownsTest@3632be31]" name="selectColorOption" duration-ms="105" started-at="2023-03-06T16:39:42 CST" description="Select Yellow option" finished-at="2023-03-06T16:39:42 CST">
          <reporter-output>
          </reporter-output>
        </test-method> <!-- selectColorOption -->
        <test-method status="PASS" signature="teardown()[pri:0, instance:scripts.TechGlobalDropdownsTest@3632be31]" name="teardown" is-config="true" duration-ms="170" started-at="2023-03-06T16:39:42 CST" finished-at="2023-03-06T16:39:43 CST">
          <reporter-output>
          </reporter-output>
        </test-method> <!-- teardown -->
        <test-method status="PASS" signature="setup()[pri:0, instance:scripts.TechGlobalDropdownsTest@3632be31]" name="setup" is-config="true" duration-ms="3347" started-at="2023-03-06T16:39:47 CST" finished-at="2023-03-06T16:39:51 CST">
          <reporter-output>
          </reporter-output>
        </test-method> <!-- setup -->
        <test-method status="PASS" signature="setPage()[pri:0, instance:scripts.TechGlobalDropdownsTest@3632be31]" name="setPage" is-config="true" duration-ms="959" started-at="2023-03-06T16:39:51 CST" finished-at="2023-03-06T16:39:52 CST">
          <reporter-output>
          </reporter-output>
        </test-method> <!-- setPage -->
        <test-method status="PASS" signature="selectMacBookOption()[pri:4, instance:scripts.TechGlobalDropdownsTest@3632be31]" name="selectMacBookOption" duration-ms="385" started-at="2023-03-06T16:39:52 CST" description="Select MecBook Pro 13 option" finished-at="2023-03-06T16:39:52 CST">
          <reporter-output>
          </reporter-output>
        </test-method> <!-- selectMacBookOption -->
        <test-method status="PASS" signature="teardown()[pri:0, instance:scripts.TechGlobalDropdownsTest@3632be31]" name="teardown" is-config="true" duration-ms="178" started-at="2023-03-06T16:39:52 CST" finished-at="2023-03-06T16:39:52 CST">
          <reporter-output>
          </reporter-output>
        </test-method> <!-- teardown -->
      </class> <!-- scripts.TechGlobalDropdownsTest -->
    </test> <!-- Command line test -->
  </suite> <!-- Command line suite -->
</testng-results>
