<?xml version="1.0" encoding="UTF-8" ?>
<testsuite tests="42" failures="0" name="TestSuite" time="28.825" errors="0" skipped="0">
  <properties>
[...]
</properties>
  <testcase classname="scripts.TechGlobalDropdownsTest" name="selectDeliveryOption" time="0.164"/>
  <testcase classname="scripts.TechGlobalFrontendTestingHomeTest" name="validateFrontendTestingCards" time="1.735"/>
  <testcase classname="scripts.TechGlobalDropdownsTest" name="selectProductOption" time="0.133"/>
  <testcase classname="scripts.TechGlobalFrontendTestingHomeTest" name="validateFrontendTestingURL" time="0.651"/>
  <testcase classname="scripts.TechGlobalLogoTest" name="validateTechGlobalLogo" time="0.601"/>
  <testcase classname="scripts.TechGlobalSortableTablesTest" name="validateSortAcsByQuantity" time="0.099"/>
  <testcase classname="scripts.TechGlobalSortableTablesTest" name="validateSortDescByQuantity" time="0.099"/>
  <testcase classname="scripts.TechGlobalDropdownsTest" name="selectColorOption" time="0.109"/>
  <testcase classname="scripts.TechGlobalSortableTablesTest" name="validateSortAscByPrice" time="0.085"/>
  <testcase classname="scripts.TechGlobalDropdownsTest" name="selectMacBookOption" time="0.434"/>
  <testcase classname="scripts.TechGlobalDynamicElementsTest" name="dynamicElementsTest" time="1.074"/>
  <testcase classname="scripts.TechGlobalDynamicTablesTest" name="popupValidation" time="0.097"/>
  <testcase classname="scripts.TechGlobalDynamicTablesTest" name="validateDynamicTable" time="0.777"/>
  <testcase classname="scripts.TechGlobalJavaExercisesHomeTest" name="validateJavaExercisesCards" time="1.755"/>
  <testcase classname="scripts.TechGlobalAlertsTest" name="warningAlertValidation" time="0.164"/>
  <testcase classname="scripts.TechGlobalAlertsTest" name="confirmationAlertValidation" time="0.362"/>
  <testcase classname="scripts.TechGlobalAlertsTest" name="promptAlertValidation" time="0.486"/>
  <testcase classname="scripts.TechGlobalRadioButtonsTest" name="javaRadioButtonValidation" time="1.045"/>
  <testcase classname="scripts.TechGlobalRadioButtonsTest" name="languageRadioButtons1" time="1.023"/>
  <testcase classname="scripts.TechGlobalRadioButtonsTest" name="languageRadioButtons2" time="1.165"/>
  <testcase classname="scripts.TechGlobalFooterTest" name="validateCorrectTextDisplayFooter" time="0.195"/>
  <testcase classname="scripts.TechGlobalFooterTest" name="validateSocialLinksFooter" time="0.313"/>
  <testcase classname="scripts.TechGlobalFileUploadTest" name="validateFileUpload" time="0.146"/>
  <testcase classname="scripts.TechGlobalFileDownloadTest" name="validateFileDownload" time="0.046"/>
  <testcase classname="scripts.TechGlobalCalendarTest" name="validateDatePicker" time="0.607"/>
  <testcase classname="scripts.TechGlobalSortableTablesTest" name="validateSortDescByPrice" time="0.08"/>
  <testcase classname="scripts.TechGlobalStaticTablesTest" name="validateStaticTablesHeader" time="0.076"/>
  <testcase classname="scripts.TechGlobalStaticTablesTest" name="validateStaticTablesRow1" time="0.053"/>
  <testcase classname="scripts.TechGlobalStaticTablesTest" name="validateStaticTableColumn4" time="0.094"/>
  <testcase classname="scripts.TechGlobalStaticTablesTest" name="validateAllCells" time="0.295"/>
  <testcase classname="scripts.TechGlobalHeaderTest" name="validateTechGlobalHeaderDropdownOptions" time="0.338"/>
  <testcase classname="scripts.TechGlobalHeaderTest" name="validateTechGlobalHeaderDropdown" time="0.105"/>
  <testcase classname="scripts.TechGlobalIFramesTest" name="validateInputText" time="0.194"/>
  <testcase classname="scripts.TechGlobalIFramesTest" name="validateResultDisplay" time="0.83"/>
  <testcase classname="scripts.TechGlobalActionsTest" name="clickActions" time="0.663"/>
  <testcase classname="scripts.TechGlobalActionsTest" name="validateDragAndDropAction" time="1.56"/>
  <testcase classname="scripts.TechGlobalActionsTest" name="keyboardActions" time="0.417"/>
  <testcase classname="scripts.TechGlobalActionsTest" name="validateKeyboardInput" time="0.515"/>
  <testcase classname="scripts.TechGlobalCheckBoxTest" name="validateCheckboxes1" time="1.283"/>
  <testcase classname="scripts.TechGlobalCheckBoxTest" name="validateCheckboxes2" time="1.125"/>
  <testcase classname="scripts.TechGlobalMultipleWindowsTest" name="validateTheAppleLink" time="1.738"/>
  <testcase classname="scripts.TechGlobalMultipleWindowsTest" name="validateLinkURLs" time="6.094"/>
</testsuite>