<?xml version="1.0" encoding="UTF-8"?>
<testsuite xmlns:xsi="http://www.w3.org/2001/XMLSchema-instance" xsi:schemaLocation="https://maven.apache.org/surefire/maven-surefire-plugin/xsd/surefire-test-report.xsd" name="TestSuite" time="138.213" tests="31" errors="0" skipped="0" failures="0">
  <properties>
[...]
</properties>
  <testcase name="dynamicElementsTest" classname="scripts.TechGlobalDynamicElementsTest" time="0.822"/>
  <testcase name="validateFrontendTestingURL" classname="scripts.TechGlobalFrontendTestingHomeTest" time="0.534"/>
  <testcase name="validateTechGlobalHeaderDropdownOptions" classname="scripts.TechGlobalHeaderTest" time="0.347"/>
  <testcase name="validateJavaExercisesCards" classname="scripts.TechGlobalJavaExercisesHomeTest" time="1.49"/>
  <testcase name="javaRadioButtonValidation" classname="scripts.TechGlobalRadioButtonsTest" time="0.891"/>
  <testcase name="languageRadioButtons1" classname="scripts.TechGlobalRadioButtonsTest" time="0.872"/>
  <testcase name="languageRadioButtons2" classname="scripts.TechGlobalRadioButtonsTest" time="1.104"/>
  <testcase name="validateCheckboxes1" classname="scripts.TechGlobalCheckBoxTest" time="0.991"/>
  <testcase name="validateCheckboxes2" classname="scripts.TechGlobalCheckBoxTest" time="0.952"/>
  <testcase name="validateCorrectTextDisplayFooter" classname="scripts.TechGlobalFooterTest" time="0.117"/>
  <testcase name="validateSocialLinksFooter" classname="scripts.TechGlobalFooterTest" time="0.123"/>
  <testcase name="validateRedBox" classname="scripts.TechGlobalWaitsTest" time="10.763"/>
  <testcase name="selectDeliveryOption" classname="scripts.TechGlobalDropdownsTest" time="0.137"/>
  <testcase name="selectProductOption" classname="scripts.TechGlobalDropdownsTest" time="0.08"/>
  <testcase name="selectColorOption" classname="scripts.TechGlobalDropdownsTest" time="0.091"/>
  <testcase name="selectMacBookOption" classname="scripts.TechGlobalDropdownsTest" time="0.368"/>
  <testcase name="validateTheAppleLink" classname="scripts.TechGlobalMultipleWindowsTest" time="1.752"/>
  <testcase name="validateLinkURLs" classname="scripts.TechGlobalMultipleWindowsTest" time="4.711"/>
  <testcase name="warningAlertValidation" classname="scripts.TechGlobalAlertsTest" time="0.234"/>
  <testcase name="confirmationAlertValidation" classname="scripts.TechGlobalAlertsTest" time="0.23"/>
  <testcase name="promptAlertValidation" classname="scripts.TechGlobalAlertsTest" time="0.323"/>
  <testcase name="validateInputText" classname="scripts.TechGlobalIFramesTest" time="0.182"/>
  <testcase name="validateResultDisplay" classname="scripts.TechGlobalIFramesTest" time="0.463"/>
  <testcase name="validateStaticTablesHeader" classname="scripts.TechGlobalStaticTablesTest" time="0.076"/>
  <testcase name="validateStaticTablesRow1" classname="scripts.TechGlobalStaticTablesTest" time="0.053"/>
  <testcase name="validateStaticTableColumn4" classname="scripts.TechGlobalStaticTablesTest" time="0.095"/>
  <testcase name="validateAllCells" classname="scripts.TechGlobalStaticTablesTest" time="0.282"/>
  <testcase name="validateFileUpload" classname="scripts.TechGlobalFileUploadTest" time="0.131"/>
  <testcase name="validateFileDownload" classname="scripts.TechGlobalFileDownloadTest" time="2.044"/>
  <testcase name="validateSortAcsByQuantity" classname="scripts.TechGlobalSortableTablesTest" time="0.097"/>
  <testcase name="validateDatePicker" classname="scripts.TechGlobalCalendarTest" time="0.643"/>
</testsuite>