<?xml version="1.0" encoding="UTF-8"?>
<testng-results skipped="0" failed="0" ignored="0" total="9" passed="9">
  <reporter-output>
  </reporter-output>
  <suite name="Command line suite" duration-ms="40907" started-at="2023-01-17T19:38:21 CST" finished-at="2023-01-17T19:39:02 CST">
    <groups>
    </groups>
    <test name="Command line test" duration-ms="40907" started-at="2023-01-17T19:38:21 CST" finished-at="2023-01-17T19:39:02 CST">
      <class name="scripts.TechGlobalFooterTest">
        <test-method status="PASS" signature="setup()[pri:0, instance:scripts.TechGlobalFooterTest@2f686d1f]" name="setup" is-config="true" duration-ms="3145" started-at="2023-01-17T19:38:55 CST" finished-at="2023-01-17T19:38:58 CST">
          <reporter-output>
          </reporter-output>
        </test-method> <!-- setup -->
        <test-method status="PASS" signature="validateCorrectTextDisplayFooter()[pri:0, instance:scripts.TechGlobalFooterTest@2f686d1f]" name="validateCorrectTextDisplayFooter" duration-ms="150" started-at="2023-01-17T19:38:58 CST" finished-at="2023-01-17T19:38:58 CST">
          <reporter-output>
          </reporter-output>
        </test-method> <!-- validateCorrectTextDisplayFooter -->
        <test-method status="PASS" signature="teardown()[pri:0, instance:scripts.TechGlobalFooterTest@2f686d1f]" name="teardown" is-config="true" duration-ms="273" started-at="2023-01-17T19:38:58 CST" finished-at="2023-01-17T19:38:59 CST">
          <reporter-output>
          </reporter-output>
        </test-method> <!-- teardown -->
        <test-method status="PASS" signature="setup()[pri:0, instance:scripts.TechGlobalFooterTest@2f686d1f]" name="setup" is-config="true" duration-ms="3176" started-at="2023-01-17T19:38:59 CST" finished-at="2023-01-17T19:39:02 CST">
          <reporter-output>
          </reporter-output>
        </test-method> <!-- setup -->
        <test-method status="PASS" signature="validateSocialLinksFooter()[pri:0, instance:scripts.TechGlobalFooterTest@2f686d1f]" name="validateSocialLinksFooter" duration-ms="170" started-at="2023-01-17T19:39:02 CST" finished-at="2023-01-17T19:39:02 CST">
          <reporter-output>
          </reporter-output>
        </test-method> <!-- validateSocialLinksFooter -->
        <test-method status="PASS" signature="teardown()[pri:0, instance:scripts.TechGlobalFooterTest@2f686d1f]" name="teardown" is-config="true" duration-ms="259" started-at="2023-01-17T19:39:02 CST" finished-at="2023-01-17T19:39:02 CST">
          <reporter-output>
          </reporter-output>
        </test-method> <!-- teardown -->
      </class> <!-- scripts.TechGlobalFooterTest -->
      <class name="scripts.TechGlobalFrontendTestingHomeTest">
        <test-method status="PASS" signature="setup()[pri:0, instance:scripts.TechGlobalFrontendTestingHomeTest@42dafa95]" name="setup" is-config="true" duration-ms="7638" started-at="2023-01-17T19:38:21 CST" finished-at="2023-01-17T19:38:29 CST">
          <reporter-output>
          </reporter-output>
        </test-method> <!-- setup -->
        <test-method status="PASS" signature="setPage()[pri:0, instance:scripts.TechGlobalFrontendTestingHomeTest@42dafa95]" name="setPage" is-config="true" duration-ms="2" started-at="2023-01-17T19:38:29 CST" finished-at="2023-01-17T19:38:29 CST">
          <reporter-output>
          </reporter-output>
        </test-method> <!-- setPage -->
        <test-method status="PASS" signature="validateFrontendTestingCards()[pri:1, instance:scripts.TechGlobalFrontendTestingHomeTest@42dafa95]" name="validateFrontendTestingCards" duration-ms="1329" started-at="2023-01-17T19:38:29 CST" description="Validate Frontend Testing Cards" finished-at="2023-01-17T19:38:30 CST">
          <reporter-output>
          </reporter-output>
        </test-method> <!-- validateFrontendTestingCards -->
        <test-method status="PASS" signature="teardown()[pri:0, instance:scripts.TechGlobalFrontendTestingHomeTest@42dafa95]" name="teardown" is-config="true" duration-ms="280" started-at="2023-01-17T19:38:30 CST" finished-at="2023-01-17T19:38:31 CST">
          <reporter-output>
          </reporter-output>
        </test-method> <!-- teardown -->
        <test-method status="PASS" signature="setup()[pri:0, instance:scripts.TechGlobalFrontendTestingHomeTest@42dafa95]" name="setup" is-config="true" duration-ms="3054" started-at="2023-01-17T19:38:31 CST" finished-at="2023-01-17T19:38:34 CST">
          <reporter-output>
          </reporter-output>
        </test-method> <!-- setup -->
        <test-method status="PASS" signature="setPage()[pri:0, instance:scripts.TechGlobalFrontendTestingHomeTest@42dafa95]" name="setPage" is-config="true" duration-ms="1" started-at="2023-01-17T19:38:34 CST" finished-at="2023-01-17T19:38:34 CST">
          <reporter-output>
          </reporter-output>
        </test-method> <!-- setPage -->
        <test-method status="PASS" signature="validateFrontendTestingURL()[pri:2, instance:scripts.TechGlobalFrontendTestingHomeTest@42dafa95]" name="validateFrontendTestingURL" duration-ms="373" started-at="2023-01-17T19:38:34 CST" description="Validate URL" finished-at="2023-01-17T19:38:34 CST">
          <reporter-output>
          </reporter-output>
        </test-method> <!-- validateFrontendTestingURL -->
        <test-method status="PASS" signature="teardown()[pri:0, instance:scripts.TechGlobalFrontendTestingHomeTest@42dafa95]" name="teardown" is-config="true" duration-ms="226" started-at="2023-01-17T19:38:34 CST" finished-at="2023-01-17T19:38:34 CST">
          <reporter-output>
          </reporter-output>
        </test-method> <!-- teardown -->
      </class> <!-- scripts.TechGlobalFrontendTestingHomeTest -->
      <class name="scripts.TechGlobalJavaExercisesHomeTest">
        <test-method status="PASS" signature="setup()[pri:0, instance:scripts.TechGlobalJavaExercisesHomeTest@4cf777e8]" name="setup" is-config="true" duration-ms="3513" started-at="2023-01-17T19:38:50 CST" finished-at="2023-01-17T19:38:53 CST">
          <reporter-output>
          </reporter-output>
        </test-method> <!-- setup -->
        <test-method status="PASS" signature="setPage()[pri:0, instance:scripts.TechGlobalJavaExercisesHomeTest@4cf777e8]" name="setPage" is-config="true" duration-ms="4" started-at="2023-01-17T19:38:53 CST" finished-at="2023-01-17T19:38:53 CST">
          <reporter-output>
          </reporter-output>
        </test-method> <!-- setPage -->
        <test-method status="PASS" signature="validateJavaExercisesCards()[pri:0, instance:scripts.TechGlobalJavaExercisesHomeTest@4cf777e8]" name="validateJavaExercisesCards" duration-ms="1423" started-at="2023-01-17T19:38:53 CST" finished-at="2023-01-17T19:38:55 CST">
          <reporter-output>
          </reporter-output>
        </test-method> <!-- validateJavaExercisesCards -->
        <test-method status="PASS" signature="teardown()[pri:0, instance:scripts.TechGlobalJavaExercisesHomeTest@4cf777e8]" name="teardown" is-config="true" duration-ms="255" started-at="2023-01-17T19:38:55 CST" finished-at="2023-01-17T19:38:55 CST">
          <reporter-output>
          </reporter-output>
        </test-method> <!-- teardown -->
      </class> <!-- scripts.TechGlobalJavaExercisesHomeTest -->
      <class name="scripts.TechGlobalDynamicElementsTest">
        <test-method status="PASS" signature="setup()[pri:0, instance:scripts.TechGlobalDynamicElementsTest@59ec2012]" name="setup" is-config="true" duration-ms="3368" started-at="2023-01-17T19:38:46 CST" finished-at="2023-01-17T19:38:49 CST">
          <reporter-output>
          </reporter-output>
        </test-method> <!-- setup -->
        <test-method status="PASS" signature="setPage()[pri:0, instance:scripts.TechGlobalDynamicElementsTest@59ec2012]" name="setPage" is-config="true" duration-ms="3" started-at="2023-01-17T19:38:49 CST" finished-at="2023-01-17T19:38:49 CST">
          <reporter-output>
          </reporter-output>
        </test-method> <!-- setPage -->
        <test-method status="PASS" signature="dynamicElementsTest1()[pri:1, instance:scripts.TechGlobalDynamicElementsTest@59ec2012]" name="dynamicElementsTest1" duration-ms="581" started-at="2023-01-17T19:38:49 CST" description="Testing Dynamic Web Elements" finished-at="2023-01-17T19:38:50 CST">
          <reporter-output>
          </reporter-output>
        </test-method> <!-- dynamicElementsTest1 -->
        <test-method status="PASS" signature="teardown()[pri:0, instance:scripts.TechGlobalDynamicElementsTest@59ec2012]" name="teardown" is-config="true" duration-ms="223" started-at="2023-01-17T19:38:50 CST" finished-at="2023-01-17T19:38:50 CST">
          <reporter-output>
          </reporter-output>
        </test-method> <!-- teardown -->
      </class> <!-- scripts.TechGlobalDynamicElementsTest -->
      <class name="scripts.TechGlobalLogoTest">
        <test-method status="PASS" signature="setup()[pri:0, instance:scripts.TechGlobalLogoTest@6500df86]" name="setup" is-config="true" duration-ms="3271" started-at="2023-01-17T19:38:34 CST" finished-at="2023-01-17T19:38:38 CST">
          <reporter-output>
          </reporter-output>
        </test-method> <!-- setup -->
        <test-method status="PASS" signature="validateTechGlobalLogo()[pri:0, instance:scripts.TechGlobalLogoTest@6500df86]" name="validateTechGlobalLogo" duration-ms="35" started-at="2023-01-17T19:38:38 CST" finished-at="2023-01-17T19:38:38 CST">
          <reporter-output>
          </reporter-output>
        </test-method> <!-- validateTechGlobalLogo -->
        <test-method status="PASS" signature="teardown()[pri:0, instance:scripts.TechGlobalLogoTest@6500df86]" name="teardown" is-config="true" duration-ms="401" started-at="2023-01-17T19:38:38 CST" finished-at="2023-01-17T19:38:38 CST">
          <reporter-output>
          </reporter-output>
        </test-method> <!-- teardown -->
      </class> <!-- scripts.TechGlobalLogoTest -->
      <class name="scripts.TechGlobalHeaderTest">
        <test-method status="PASS" signature="setup()[pri:0, instance:scripts.TechGlobalHeaderTest@402a079c]" name="setup" is-config="true" duration-ms="3645" started-at="2023-01-17T19:38:38 CST" finished-at="2023-01-17T19:38:42 CST">
          <reporter-output>
          </reporter-output>
        </test-method> <!-- setup -->
        <test-method status="PASS" signature="validateTechGlobalHeaderDropdownOptions()[pri:1, instance:scripts.TechGlobalHeaderTest@402a079c]" name="validateTechGlobalHeaderDropdownOptions" duration-ms="378" started-at="2023-01-17T19:38:42 CST" finished-at="2023-01-17T19:38:42 CST">
          <reporter-output>
          </reporter-output>
        </test-method> <!-- validateTechGlobalHeaderDropdownOptions -->
        <test-method status="PASS" signature="teardown()[pri:0, instance:scripts.TechGlobalHeaderTest@402a079c]" name="teardown" is-config="true" duration-ms="244" started-at="2023-01-17T19:38:42 CST" finished-at="2023-01-17T19:38:42 CST">
          <reporter-output>
          </reporter-output>
        </test-method> <!-- teardown -->
        <test-method status="PASS" signature="setup()[pri:0, instance:scripts.TechGlobalHeaderTest@402a079c]" name="setup" is-config="true" duration-ms="3094" started-at="2023-01-17T19:38:42 CST" finished-at="2023-01-17T19:38:45 CST">
          <reporter-output>
          </reporter-output>
        </test-method> <!-- setup -->
        <test-method status="PASS" signature="validateTechGlobalHeaderDropdown()[pri:2, instance:scripts.TechGlobalHeaderTest@402a079c]" name="validateTechGlobalHeaderDropdown" duration-ms="113" started-at="2023-01-17T19:38:45 CST" finished-at="2023-01-17T19:38:46 CST">
          <reporter-output>
          </reporter-output>
        </test-method> <!-- validateTechGlobalHeaderDropdown -->
        <test-method status="PASS" signature="teardown()[pri:0, instance:scripts.TechGlobalHeaderTest@402a079c]" name="teardown" is-config="true" duration-ms="230" started-at="2023-01-17T19:38:46 CST" finished-at="2023-01-17T19:38:46 CST">
          <reporter-output>
          </reporter-output>
        </test-method> <!-- teardown -->
      </class> <!-- scripts.TechGlobalHeaderTest -->
    </test> <!-- Command line test -->
  </suite> <!-- Command line suite -->
</testng-results>
